{"meta": {"format": 3, "version": "7.10.7", "timestamp": "2026-05-19T23:14:43.148959", "branch_coverage": false, "show_contexts": false}, "files": {"server.py": {"executed_lines": [1, 2, 3, 4, 5, 6, 7, 8, 9, 19, 20, 23, 34, 35, 37, 38, 40, 41, 42, 43, 45, 47, 49, 56, 57, 60, 61, 67, 84, 86, 89, 91, 92, 98, 99, 102, 121, 123, 124, 125, 126, 127, 128, 129, 130, 138, 139, 142, 144, 145, 146, 147, 150, 160, 161, 162, 163, 165, 166, 167, 168, 171, 172, 173, 174, 175, 176, 177, 178, 179, 181, 182, 186, 187, 190, 191, 192, 196, 197, 198, 206, 207, 208, 209, 211, 212, 213, 214, 215, 216, 218, 219, 220, 221, 224, 226, 228, 229, 237, 239, 240, 248, 249, 250, 251, 252, 253, 254, 255, 256, 257, 258, 259, 260, 261, 268, 275, 277, 285, 286, 293, 294, 295, 296, 297, 298, 301, 304, 307, 312, 317, 318, 319, 324, 331, 333, 334, 335, 336, 337, 338, 339, 340, 341, 342, 349, 351, 352, 353, 354, 355, 357, 360, 361, 363, 372, 381, 383, 385, 386, 388, 397, 404, 405, 406, 407, 408, 409, 420, 421, 422, 425, 426, 434, 435, 436, 441, 442, 445, 446, 450, 452, 453, 455, 463, 471, 472, 473, 474, 481, 482, 489, 490, 494, 495, 497, 502, 503, 504, 506, 534, 535, 536, 537, 539, 540, 543, 546, 549, 568, 569, 573, 574, 575, 579, 580, 584, 588, 593, 594, 596, 598, 617, 638, 639, 640, 641, 642, 643, 646, 691, 692, 693, 694, 695, 696, 697, 704, 705, 710, 714, 715, 717, 720, 723, 724, 731, 734, 745, 749, 750, 755, 758, 761, 766, 767, 768, 769, 770, 771, 772, 780, 783, 784, 785, 804, 805, 806, 807, 808, 809, 810, 811, 812, 813, 816, 820, 821, 827, 828, 830, 832, 833, 836, 838, 843, 852, 853, 855, 856, 857, 860, 861, 866, 867, 869, 870, 871, 872, 873, 878, 879, 901, 902, 914, 944, 945, 946, 947, 952, 953, 954, 956, 987, 988, 989, 990, 995, 996, 997, 998, 1027, 1028, 1029, 1030, 1035, 1036, 1037, 1038, 1060, 1061, 1093, 1127, 1128, 1170, 1171, 1206, 1207, 1217, 1218, 1229], "summary": {"covered_lines": 341, "num_statements": 684, "percent_covered": 49.853801169590646, "percent_covered_display": "50", "missing_lines": 343, "excluded_lines": 0}, "missing_lines": [103, 104, 105, 106, 107, 108, 109, 110, 111, 112, 115, 116, 117, 118, 131, 132, 133, 134, 164, 188, 199, 201, 204, 227, 231, 262, 264, 266, 269, 270, 271, 272, 325, 326, 327, 328, 343, 344, 347, 348, 350, 398, 399, 400, 401, 410, 411, 415, 416, 417, 427, 428, 431, 432, 447, 448, 464, 466, 469, 475, 478, 483, 486, 491, 492, 511, 514, 515, 518, 522, 523, 524, 527, 528, 529, 558, 599, 602, 606, 607, 612, 613, 614, 618, 621, 625, 626, 631, 632, 633, 650, 651, 652, 655, 656, 657, 660, 667, 671, 672, 677, 678, 679, 680, 683, 698, 699, 735, 737, 738, 742, 743, 746, 773, 774, 786, 787, 788, 789, 790, 791, 792, 793, 794, 795, 796, 797, 798, 799, 800, 801, 802, 803, 814, 815, 817, 823, 881, 882, 883, 884, 891, 894, 895, 897, 898, 904, 905, 906, 907, 909, 910, 915, 916, 917, 918, 919, 920, 921, 922, 923, 924, 925, 926, 927, 928, 929, 930, 931, 932, 933, 936, 938, 941, 959, 960, 961, 962, 963, 964, 966, 967, 968, 969, 970, 971, 973, 974, 978, 979, 980, 982, 984, 1001, 1002, 1003, 1004, 1005, 1006, 1008, 1009, 1010, 1011, 1012, 1013, 1015, 1016, 1018, 1019, 1020, 1022, 1024, 1041, 1043, 1047, 1048, 1049, 1053, 1057, 1062, 1063, 1068, 1069, 1070, 1071, 1074, 1075, 1079, 1080, 1081, 1085, 1089, 1094, 1095, 1096, 1097, 1098, 1099, 1100, 1101, 1102, 1103, 1104, 1105, 1106, 1107, 1108, 1109, 1110, 1111, 1113, 1114, 1115, 1116, 1117, 1118, 1119, 1120, 1121, 1124, 1129, 1130, 1131, 1132, 1133, 1134, 1135, 1136, 1137, 1138, 1139, 1140, 1141, 1142, 1143, 1144, 1145, 1146, 1147, 1148, 1149, 1150, 1153, 1154, 1155, 1156, 1157, 1158, 1160, 1161, 1162, 1163, 1164, 1172, 1173, 1174, 1175, 1176, 1177, 1178, 1179, 1180, 1181, 1182, 1183, 1190, 1191, 1192, 1193, 1194, 1195, 1196, 1197, 1198, 1200, 1201, 1202, 1208, 1209, 1213, 1214, 1219, 1220, 1224, 1225, 1231, 1232, 1233, 1234, 1235, 1236, 1237, 1238, 1244, 1245, 1246, 1247, 1248, 1252, 1256, 1257, 1258, 1261], "excluded_lines": [], "functions": {"get_data_file_path": {"executed_lines": [86], "summary": {"covered_lines": 1, "num_statements": 1, "percent_covered": 100.0, "percent_covered_display": "100", "missing_lines": 0, "excluded_lines": 0}, "missing_lines": [], "excluded_lines": []}, "load_data": {"executed_lines": [91, 92, 98, 99, 102], "summary": {"covered_lines": 5, "num_statements": 19, "percent_covered": 26.31578947368421, "percent_covered_display": "26", "missing_lines": 14, "excluded_lines": 0}, "missing_lines": [103, 104, 105, 106, 107, 108, 109, 110, 111, 112, 115, 116, 117, 118], "excluded_lines": []}, "save_data": {"executed_lines": [123, 124, 125, 126, 127, 128, 129, 130], "summary": {"covered_lines": 8, "num_statements": 12, "percent_covered": 66.66666666666667, "percent_covered_display": "67", "missing_lines": 4, "excluded_lines": 0}, "missing_lines": [131, 132, 133, 134], "excluded_lines": []}, "get_random_user_agent": {"executed_lines": [139], "summary": {"covered_lines": 1, "num_statements": 1, "percent_covered": 100.0, "percent_covered_display": "100", "missing_lines": 0, "excluded_lines": 0}, "missing_lines": [], "excluded_lines": []}, "update_progress": {"executed_lines": [144, 145, 146, 147], "summary": {"covered_lines": 4, "num_statements": 4, "percent_covered": 100.0, "percent_covered_display": "100", "missing_lines": 0, "excluded_lines": 0}, "missing_lines": [], "excluded_lines": []}, "_make_request_with_retry": {"executed_lines": [160, 161, 162, 163, 165, 166, 167, 168, 171, 172, 173, 174, 175, 176, 177, 178, 179, 181, 182, 186, 187, 190, 191, 192, 196, 197, 198, 206, 207, 208, 209, 211, 212, 213, 214, 215, 216, 218, 219, 220, 221], "summary": {"covered_lines": 41, "num_statements": 46, "percent_covered": 89.1304347826087, "percent_covered_display": "89", "missing_lines": 5, "excluded_lines": 0}, "missing_lines": [164, 188, 199, 201, 204], "excluded_lines": []}, "parse_episode_count": {"executed_lines": [226, 228, 229], "summary": {"covered_lines": 3, "num_statements": 5, "percent_covered": 60.0, "percent_covered_display": "60", "missing_lines": 2, "excluded_lines": 0}, "missing_lines": [227, 231], "excluded_lines": []}, "get_total_pages": {"executed_lines": [239, 240, 248, 249, 250, 251, 252, 253, 254, 255, 256, 257, 258, 259, 260, 261, 268], "summary": {"covered_lines": 17, "num_statements": 24, "percent_covered": 70.83333333333333, "percent_covered_display": "71", "missing_lines": 7, "excluded_lines": 0}, "missing_lines": [262, 264, 266, 269, 270, 271, 272], "excluded_lines": []}, "scrape_anime_details": {"executed_lines": [277, 285, 286, 293, 294, 295, 296, 297, 298, 301, 304, 307, 312, 317, 318, 319, 324], "summary": {"covered_lines": 17, "num_statements": 21, "percent_covered": 80.95238095238095, "percent_covered_display": "81", "missing_lines": 4, "excluded_lines": 0}, "missing_lines": [325, 326, 327, 328], "excluded_lines": []}, "_parse_card_basic_info": {"executed_lines": [333, 334, 335, 336, 337, 338, 339, 340, 341, 342, 349, 351, 352, 353, 354, 355, 357, 360, 361, 363], "summary": {"covered_lines": 20, "num_statements": 25, "percent_covered": 80.0, "percent_covered_display": "80", "missing_lines": 5, "excluded_lines": 0}, "missing_lines": [343, 344, 347, 348, 350], "excluded_lines": []}, "scrape_anime_data_task": {"executed_lines": [381, 383, 385, 386, 388, 397, 404, 405, 406, 407, 408, 409, 420, 421, 422, 425, 426, 434, 435, 436, 441, 442, 445, 446, 450, 452, 453, 455, 463, 471, 472, 473, 474, 481, 482, 489, 490, 494, 495, 497, 502, 503, 504, 506, 534, 535, 536, 537, 539, 540, 543, 546, 549, 568, 569, 573, 574, 575, 579, 580, 584, 588, 593, 594, 596, 598, 617, 638, 639, 640, 641, 642, 643, 646, 691, 692, 693, 694, 695, 696, 697, 704, 705, 710, 714, 715, 717, 720, 723, 724, 731, 734, 745, 749, 750, 755, 758, 761, 766, 767, 768, 769, 770, 771, 772], "summary": {"covered_lines": 105, "num_statements": 179, "percent_covered": 58.659217877094974, "percent_covered_display": "59", "missing_lines": 74, "excluded_lines": 0}, "missing_lines": [398, 399, 400, 401, 410, 411, 415, 416, 417, 427, 428, 431, 432, 447, 448, 464, 466, 469, 475, 478, 483, 486, 491, 492, 511, 514, 515, 518, 522, 523, 524, 527, 528, 529, 558, 599, 602, 606, 607, 612, 613, 614, 618, 621, 625, 626, 631, 632, 633, 650, 651, 652, 655, 656, 657, 660, 667, 671, 672, 677, 678, 679, 680, 683, 698, 699, 735, 737, 738, 742, 743, 746, 773, 774], "excluded_lines": []}, "generate_progress": {"executed_lines": [783, 784, 785, 804, 805, 806, 807, 808, 809, 810, 811, 812, 813, 816], "summary": {"covered_lines": 14, "num_statements": 35, "percent_covered": 40.0, "percent_covered_display": "40", "missing_lines": 21, "excluded_lines": 0}, "missing_lines": [786, 787, 788, 789, 790, 791, 792, 793, 794, 795, 796, 797, 798, 799, 800, 801, 802, 803, 814, 815, 817], "excluded_lines": []}, "progress": {"executed_lines": [], "summary": {"covered_lines": 0, "num_statements": 1, "percent_covered": 0.0, "percent_covered_display": "0", "missing_lines": 1, "excluded_lines": 0}, "missing_lines": [823], "excluded_lines": []}, "index": {"executed_lines": [830, 832, 833, 836, 838, 843], "summary": {"covered_lines": 6, "num_statements": 6, "percent_covered": 100.0, "percent_covered_display": "100", "missing_lines": 0, "excluded_lines": 0}, "missing_lines": [], "excluded_lines": []}, "favorites": {"executed_lines": [855, 856, 857, 860, 861], "summary": {"covered_lines": 5, "num_statements": 5, "percent_covered": 100.0, "percent_covered_display": "100", "missing_lines": 0, "excluded_lines": 0}, "missing_lines": [], "excluded_lines": []}, "trash": {"executed_lines": [869, 870, 871, 872, 873], "summary": {"covered_lines": 5, "num_statements": 5, "percent_covered": 100.0, "percent_covered_display": "100", "missing_lines": 0, "excluded_lines": 0}, "missing_lines": [], "excluded_lines": []}, "start_scrape": {"executed_lines": [], "summary": {"covered_lines": 0, "num_statements": 9, "percent_covered": 0.0, "percent_covered_display": "0", "missing_lines": 9, "excluded_lines": 0}, "missing_lines": [881, 882, 883, 884, 891, 894, 895, 897, 898], "excluded_lines": []}, "stop_scrape": {"executed_lines": [], "summary": {"covered_lines": 0, "num_statements": 6, "percent_covered": 0.0, "percent_covered_display": "0", "missing_lines": 6, "excluded_lines": 0}, "missing_lines": [904, 905, 906, 907, 909, 910], "excluded_lines": []}, "_move_item_logic": {"executed_lines": [], "summary": {"covered_lines": 0, "num_statements": 22, "percent_covered": 0.0, "percent_covered_display": "0", "missing_lines": 22, "excluded_lines": 0}, "missing_lines": [915, 916, 917, 918, 919, 920, 921, 922, 923, 924, 925, 926, 927, 928, 929, 930, 931, 932, 933, 936, 938, 941], "excluded_lines": []}, "add_to_favorites": {"executed_lines": [946, 947, 952, 953, 954, 956], "summary": {"covered_lines": 6, "num_statements": 25, "percent_covered": 24.0, "percent_covered_display": "24", "missing_lines": 19, "excluded_lines": 0}, "missing_lines": [959, 960, 961, 962, 963, 964, 966, 967, 968, 969, 970, 971, 973, 974, 978, 979, 980, 982, 984], "excluded_lines": []}, "move_to_trash": {"executed_lines": [989, 990, 995, 996, 997, 998], "summary": {"covered_lines": 6, "num_statements": 25, "percent_covered": 24.0, "percent_covered_display": "24", "missing_lines": 19, "excluded_lines": 0}, "missing_lines": [1001, 1002, 1003, 1004, 1005, 1006, 1008, 1009, 1010, 1011, 1012, 1013, 1015, 1016, 1018, 1019, 1020, 1022, 1024], "excluded_lines": []}, "restore_from_trash": {"executed_lines": [1029, 1030, 1035, 1036, 1037, 1038], "summary": {"covered_lines": 6, "num_statements": 13, "percent_covered": 46.15384615384615, "percent_covered_display": "46", "missing_lines": 7, "excluded_lines": 0}, "missing_lines": [1041, 1043, 1047, 1048, 1049, 1053, 1057], "excluded_lines": []}, "remove_from_favorites": {"executed_lines": [], "summary": {"covered_lines": 0, "num_statements": 13, "percent_covered": 0.0, "percent_covered_display": "0", "missing_lines": 13, "excluded_lines": 0}, "missing_lines": [1062, 1063, 1068, 1069, 1070, 1071, 1074, 1075, 1079, 1080, 1081, 1085, 1089], "excluded_lines": []}, "_batch_move_items_logic": {"executed_lines": [], "summary": {"covered_lines": 0, "num_statements": 28, "percent_covered": 0.0, "percent_covered_display": "0", "missing_lines": 28, "excluded_lines": 0}, "missing_lines": [1094, 1095, 1096, 1097, 1098, 1099, 1100, 1101, 1102, 1103, 1104, 1105, 1106, 1107, 1108, 1109, 1110, 1111, 1113, 1114, 1115, 1116, 1117, 1118, 1119, 1120, 1121, 1124], "excluded_lines": []}, "batch_action": {"executed_lines": [], "summary": {"covered_lines": 0, "num_statements": 33, "percent_covered": 0.0, "percent_covered_display": "0", "missing_lines": 33, "excluded_lines": 0}, "missing_lines": [1129, 1130, 1131, 1132, 1133, 1134, 1135, 1136, 1137, 1138, 1139, 1140, 1141, 1142, 1143, 1144, 1145, 1146, 1147, 1148, 1149, 1150, 1153, 1154, 1155, 1156, 1157, 1158, 1160, 1161, 1162, 1163, 1164], "excluded_lines": []}, "human_format_filter": {"executed_lines": [], "summary": {"covered_lines": 0, "num_statements": 24, "percent_covered": 0.0, "percent_covered_display": "0", "missing_lines": 24, "excluded_lines": 0}, "missing_lines": [1172, 1173, 1174, 1175, 1176, 1177, 1178, 1179, 1180, 1181, 1182, 1183, 1190, 1191, 1192, 1193, 1194, 1195, 1196, 1197, 1198, 1200, 1201, 1202], "excluded_lines": []}, "page_not_found": {"executed_lines": [], "summary": {"covered_lines": 0, "num_statements": 4, "percent_covered": 0.0, "percent_covered_display": "0", "missing_lines": 4, "excluded_lines": 0}, "missing_lines": [1208, 1209, 1213, 1214], "excluded_lines": []}, "internal_server_error": {"executed_lines": [], "summary": {"covered_lines": 0, "num_statements": 4, "percent_covered": 0.0, "percent_covered_display": "0", "missing_lines": 4, "excluded_lines": 0}, "missing_lines": [1219, 1220, 1224, 1225], "excluded_lines": []}, "": {"executed_lines": [1, 2, 3, 4, 5, 6, 7, 8, 9, 19, 20, 23, 34, 35, 37, 38, 40, 41, 42, 43, 45, 47, 49, 56, 57, 60, 61, 67, 84, 89, 121, 138, 142, 150, 224, 237, 275, 331, 372, 780, 820, 821, 827, 828, 852, 853, 866, 867, 878, 879, 901, 902, 914, 944, 945, 987, 988, 1027, 1028, 1060, 1061, 1093, 1127, 1128, 1170, 1171, 1206, 1207, 1217, 1218, 1229], "summary": {"covered_lines": 71, "num_statements": 89, "percent_covered": 79.7752808988764, "percent_covered_display": "80", "missing_lines": 18, "excluded_lines": 0}, "missing_lines": [1231, 1232, 1233, 1234, 1235, 1236, 1237, 1238, 1244, 1245, 1246, 1247, 1248, 1252, 1256, 1257, 1258, 1261], "excluded_lines": []}}, "classes": {"": {"executed_lines": [1, 2, 3, 4, 5, 6, 7, 8, 9, 19, 20, 23, 34, 35, 37, 38, 40, 41, 42, 43, 45, 47, 49, 56, 57, 60, 61, 67, 84, 86, 89, 91, 92, 98, 99, 102, 121, 123, 124, 125, 126, 127, 128, 129, 130, 138, 139, 142, 144, 145, 146, 147, 150, 160, 161, 162, 163, 165, 166, 167, 168, 171, 172, 173, 174, 175, 176, 177, 178, 179, 181, 182, 186, 187, 190, 191, 192, 196, 197, 198, 206, 207, 208, 209, 211, 212, 213, 214, 215, 216, 218, 219, 220, 221, 224, 226, 228, 229, 237, 239, 240, 248, 249, 250, 251, 252, 253, 254, 255, 256, 257, 258, 259, 260, 261, 268, 275, 277, 285, 286, 293, 294, 295, 296, 297, 298, 301, 304, 307, 312, 317, 318, 319, 324, 331, 333, 334, 335, 336, 337, 338, 339, 340, 341, 342, 349, 351, 352, 353, 354, 355, 357, 360, 361, 363, 372, 381, 383, 385, 386, 388, 397, 404, 405, 406, 407, 408, 409, 420, 421, 422, 425, 426, 434, 435, 436, 441, 442, 445, 446, 450, 452, 453, 455, 463, 471, 472, 473, 474, 481, 482, 489, 490, 494, 495, 497, 502, 503, 504, 506, 534, 535, 536, 537, 539, 540, 543, 546, 549, 568, 569, 573, 574, 575, 579, 580, 584, 588, 593, 594, 596, 598, 617, 638, 639, 640, 641, 642, 643, 646, 691, 692, 693, 694, 695, 696, 697, 704, 705, 710, 714, 715, 717, 720, 723, 724, 731, 734, 745, 749, 750, 755, 758, 761, 766, 767, 768, 769, 770, 771, 772, 780, 783, 784, 785, 804, 805, 806, 807, 808, 809, 810, 811, 812, 813, 816, 820, 821, 827, 828, 830, 832, 833, 836, 838, 843, 852, 853, 855, 856, 857, 860, 861, 866, 867, 869, 870, 871, 872, 873, 878, 879, 901, 902, 914, 944, 945, 946, 947, 952, 953, 954, 956, 987, 988, 989, 990, 995, 996, 997, 998, 1027, 1028, 1029, 1030, 1035, 1036, 1037, 1038, 1060, 1061, 1093, 1127, 1128, 1170, 1171, 1206, 1207, 1217, 1218, 1229], "summary": {"covered_lines": 341, "num_statements": 684, "percent_covered": 49.853801169590646, "percent_covered_display": "50", "missing_lines": 343, "excluded_lines": 0}, "missing_lines": [103, 104, 105, 106, 107, 108, 109, 110, 111, 112, 115, 116, 117, 118, 131, 132, 133, 134, 164, 188, 199, 201, 204, 227, 231, 262, 264, 266, 269, 270, 271, 272, 325, 326, 327, 328, 343, 344, 347, 348, 350, 398, 399, 400, 401, 410, 411, 415, 416, 417, 427, 428, 431, 432, 447, 448, 464, 466, 469, 475, 478, 483, 486, 491, 492, 511, 514, 515, 518, 522, 523, 524, 527, 528, 529, 558, 599, 602, 606, 607, 612, 613, 614, 618, 621, 625, 626, 631, 632, 633, 650, 651, 652, 655, 656, 657, 660, 667, 671, 672, 677, 678, 679, 680, 683, 698, 699, 735, 737, 738, 742, 743, 746, 773, 774, 786, 787, 788, 789, 790, 791, 792, 793, 794, 795, 796, 797, 798, 799, 800, 801, 802, 803, 814, 815, 817, 823, 881, 882, 883, 884, 891, 894, 895, 897, 898, 904, 905, 906, 907, 909, 910, 915, 916, 917, 918, 919, 920, 921, 922, 923, 924, 925, 926, 927, 928, 929, 930, 931, 932, 933, 936, 938, 941, 959, 960, 961, 962, 963, 964, 966, 967, 968, 969, 970, 971, 973, 974, 978, 979, 980, 982, 984, 1001, 1002, 1003, 1004, 1005, 1006, 1008, 1009, 1010, 1011, 1012, 1013, 1015, 1016, 1018, 1019, 1020, 1022, 1024, 1041, 1043, 1047, 1048, 1049, 1053, 1057, 1062, 1063, 1068, 1069, 1070, 1071, 1074, 1075, 1079, 1080, 1081, 1085, 1089, 1094, 1095, 1096, 1097, 1098, 1099, 1100, 1101, 1102, 1103, 1104, 1105, 1106, 1107, 1108, 1109, 1110, 1111, 1113, 1114, 1115, 1116, 1117, 1118, 1119, 1120, 1121, 1124, 1129, 1130, 1131, 1132, 1133, 1134, 1135, 1136, 1137, 1138, 1139, 1140, 1141, 1142, 1143, 1144, 1145, 1146, 1147, 1148, 1149, 1150, 1153, 1154, 1155, 1156, 1157, 1158, 1160, 1161, 1162, 1163, 1164, 1172, 1173, 1174, 1175, 1176, 1177, 1178, 1179, 1180, 1181, 1182, 1183, 1190, 1191, 1192, 1193, 1194, 1195, 1196, 1197, 1198, 1200, 1201, 1202, 1208, 1209, 1213, 1214, 1219, 1220, 1224, 1225, 1231, 1232, 1233, 1234, 1235, 1236, 1237, 1238, 1244, 1245, 1246, 1247, 1248, 1252, 1256, 1257, 1258, 1261], "excluded_lines": []}}}}, "totals": {"covered_lines": 341, "num_statements": 684, "percent_covered": 49.853801169590646, "percent_covered_display": "50", "missing_lines": 343, "excluded_lines": 0}}