{"/Users/timmatt/Desktop/high-score-ani-fetcher/src/App.tsx": {"path":"/Users/timmatt/Desktop/high-score-ani-fetcher/src/App.tsx","all":false,"statementMap":{"0":{"start":{"line":1,"column":0},"end":{"line":1,"column":44}},"1":{"start":{"line":2,"column":0},"end":{"line":2,"column":68}},"2":{"start":{"line":3,"column":0},"end":{"line":3,"column":21}},"6":{"start":{"line":7,"column":0},"end":{"line":7,"column":16}},"7":{"start":{"line":8,"column":0},"end":{"line":8,"column":64}},"8":{"start":{"line":9,"column":0},"end":{"line":9,"column":64}},"9":{"start":{"line":10,"column":0},"end":{"line":10,"column":62}},"10":{"start":{"line":11,"column":0},"end":{"line":11,"column":54}},"12":{"start":{"line":13,"column":0},"end":{"line":13,"column":54}},"13":{"start":{"line":14,"column":0},"end":{"line":14,"column":72}},"16":{"start":{"line":17,"column":0},"end":{"line":17,"column":19}},"17":{"start":{"line":18,"column":0},"end":{"line":18,"column":34}},"18":{"start":{"line":19,"column":0},"end":{"line":19,"column":11}},"19":{"start":{"line":20,"column":0},"end":{"line":20,"column":62}},"20":{"start":{"line":21,"column":0},"end":{"line":21,"column":92}},"21":{"start":{"line":22,"column":0},"end":{"line":22,"column":77}},"22":{"start":{"line":23,"column":0},"end":{"line":23,"column":74}},"23":{"start":{"line":24,"column":0},"end":{"line":24,"column":62}},"24":{"start":{"line":25,"column":0},"end":{"line":25,"column":16}},"26":{"start":{"line":27,"column":0},"end":{"line":27,"column":62}},"27":{"start":{"line":28,"column":0},"end":{"line":28,"column":26}},"28":{"start":{"line":29,"column":0},"end":{"line":29,"column":49}},"29":{"start":{"line":30,"column":0},"end":{"line":30,"column":51}},"30":{"start":{"line":31,"column":0},"end":{"line":31,"column":49}},"31":{"start":{"line":32,"column":0},"end":{"line":32,"column":41}},"32":{"start":{"line":33,"column":0},"end":{"line":33,"column":11}},"33":{"start":{"line":34,"column":0},"end":{"line":34,"column":9}},"34":{"start":{"line":35,"column":0},"end":{"line":35,"column":21}},"35":{"start":{"line":36,"column":0},"end":{"line":36,"column":50}},"36":{"start":{"line":37,"column":0},"end":{"line":37,"column":7}},"37":{"start":{"line":38,"column":0},"end":{"line":38,"column":6}},"38":{"start":{"line":39,"column":0},"end":{"line":39,"column":15}},"39":{"start":{"line":40,"column":0},"end":{"line":40,"column":9}},"42":{"start":{"line":43,"column":0},"end":{"line":43,"column":78}},"43":{"start":{"line":44,"column":0},"end":{"line":44,"column":9}},"44":{"start":{"line":45,"column":0},"end":{"line":45,"column":60}},"45":{"start":{"line":46,"column":0},"end":{"line":46,"column":82}},"46":{"start":{"line":47,"column":0},"end":{"line":47,"column":14}},"47":{"start":{"line":48,"column":0},"end":{"line":48,"column":101}},"48":{"start":{"line":49,"column":0},"end":{"line":49,"column":7}},"49":{"start":{"line":50,"column":0},"end":{"line":50,"column":19}},"50":{"start":{"line":51,"column":0},"end":{"line":51,"column":48}},"51":{"start":{"line":52,"column":0},"end":{"line":52,"column":5}},"52":{"start":{"line":53,"column":0},"end":{"line":53,"column":4}},"54":{"start":{"line":55,"column":0},"end":{"line":55,"column":34}},"55":{"start":{"line":56,"column":0},"end":{"line":56,"column":24}},"56":{"start":{"line":57,"column":0},"end":{"line":57,"column":67}},"58":{"start":{"line":59,"column":0},"end":{"line":59,"column":60}},"60":{"start":{"line":61,"column":0},"end":{"line":61,"column":100}},"61":{"start":{"line":62,"column":0},"end":{"line":62,"column":45}},"62":{"start":{"line":63,"column":0},"end":{"line":63,"column":7}},"64":{"start":{"line":65,"column":0},"end":{"line":65,"column":66}},"67":{"start":{"line":68,"column":0},"end":{"line":68,"column":37}},"68":{"start":{"line":69,"column":0},"end":{"line":69,"column":55}},"69":{"start":{"line":70,"column":0},"end":{"line":70,"column":57}},"71":{"start":{"line":72,"column":0},"end":{"line":72,"column":34}},"72":{"start":{"line":73,"column":0},"end":{"line":73,"column":73}},"74":{"start":{"line":75,"column":0},"end":{"line":75,"column":55}},"75":{"start":{"line":76,"column":0},"end":{"line":76,"column":72}},"76":{"start":{"line":77,"column":0},"end":{"line":77,"column":47}},"78":{"start":{"line":79,"column":0},"end":{"line":79,"column":86}},"80":{"start":{"line":81,"column":0},"end":{"line":81,"column":73}},"81":{"start":{"line":82,"column":0},"end":{"line":82,"column":33}},"82":{"start":{"line":83,"column":0},"end":{"line":83,"column":47}},"83":{"start":{"line":84,"column":0},"end":{"line":84,"column":7}},"84":{"start":{"line":85,"column":0},"end":{"line":85,"column":5}},"86":{"start":{"line":87,"column":0},"end":{"line":87,"column":28}},"87":{"start":{"line":88,"column":0},"end":{"line":88,"column":41}},"88":{"start":{"line":89,"column":0},"end":{"line":89,"column":25}},"89":{"start":{"line":90,"column":0},"end":{"line":90,"column":45}},"90":{"start":{"line":91,"column":0},"end":{"line":91,"column":4}},"92":{"start":{"line":93,"column":0},"end":{"line":93,"column":48}},"93":{"start":{"line":94,"column":0},"end":{"line":94,"column":67}},"94":{"start":{"line":95,"column":0},"end":{"line":95,"column":40}},"95":{"start":{"line":96,"column":0},"end":{"line":96,"column":29}},"96":{"start":{"line":97,"column":0},"end":{"line":97,"column":25}},"97":{"start":{"line":98,"column":0},"end":{"line":98,"column":39}},"98":{"start":{"line":99,"column":0},"end":{"line":99,"column":4}},"100":{"start":{"line":101,"column":0},"end":{"line":101,"column":44}},"101":{"start":{"line":102,"column":0},"end":{"line":102,"column":67}},"102":{"start":{"line":103,"column":0},"end":{"line":103,"column":63}},"103":{"start":{"line":104,"column":0},"end":{"line":104,"column":38}},"104":{"start":{"line":105,"column":0},"end":{"line":105,"column":29}},"105":{"start":{"line":106,"column":0},"end":{"line":106,"column":25}},"106":{"start":{"line":107,"column":0},"end":{"line":107,"column":23}},"107":{"start":{"line":108,"column":0},"end":{"line":108,"column":42}},"108":{"start":{"line":109,"column":0},"end":{"line":109,"column":4}},"110":{"start":{"line":111,"column":0},"end":{"line":111,"column":49}},"111":{"start":{"line":112,"column":0},"end":{"line":112,"column":61}},"112":{"start":{"line":113,"column":0},"end":{"line":113,"column":44}},"113":{"start":{"line":114,"column":0},"end":{"line":114,"column":23}},"114":{"start":{"line":115,"column":0},"end":{"line":115,"column":29}},"115":{"start":{"line":116,"column":0},"end":{"line":116,"column":45}},"116":{"start":{"line":117,"column":0},"end":{"line":117,"column":4}},"118":{"start":{"line":119,"column":0},"end":{"line":119,"column":28}},"119":{"start":{"line":120,"column":0},"end":{"line":120,"column":31}},"120":{"start":{"line":121,"column":0},"end":{"line":121,"column":50}},"121":{"start":{"line":122,"column":0},"end":{"line":122,"column":52}},"122":{"start":{"line":123,"column":0},"end":{"line":123,"column":44}},"124":{"start":{"line":125,"column":0},"end":{"line":125,"column":28}},"125":{"start":{"line":126,"column":0},"end":{"line":126,"column":77}},"126":{"start":{"line":127,"column":0},"end":{"line":127,"column":5}},"128":{"start":{"line":129,"column":0},"end":{"line":129,"column":12}},"129":{"start":{"line":130,"column":0},"end":{"line":130,"column":38}},"130":{"start":{"line":131,"column":0},"end":{"line":131,"column":27}},"131":{"start":{"line":132,"column":0},"end":{"line":132,"column":54}},"132":{"start":{"line":133,"column":0},"end":{"line":133,"column":41}},"133":{"start":{"line":134,"column":0},"end":{"line":134,"column":83}},"134":{"start":{"line":135,"column":0},"end":{"line":135,"column":76}},"135":{"start":{"line":136,"column":0},"end":{"line":136,"column":18}},"136":{"start":{"line":137,"column":0},"end":{"line":137,"column":40}},"137":{"start":{"line":138,"column":0},"end":{"line":138,"column":56}},"138":{"start":{"line":139,"column":0},"end":{"line":139,"column":68}},"139":{"start":{"line":140,"column":0},"end":{"line":140,"column":45}},"140":{"start":{"line":141,"column":0},"end":{"line":141,"column":18}},"141":{"start":{"line":142,"column":0},"end":{"line":142,"column":64}},"143":{"start":{"line":144,"column":0},"end":{"line":144,"column":42}},"144":{"start":{"line":145,"column":0},"end":{"line":145,"column":70}},"145":{"start":{"line":146,"column":0},"end":{"line":146,"column":108}},"147":{"start":{"line":148,"column":0},"end":{"line":148,"column":41}},"148":{"start":{"line":149,"column":0},"end":{"line":149,"column":104}},"150":{"start":{"line":151,"column":0},"end":{"line":151,"column":41}},"151":{"start":{"line":152,"column":0},"end":{"line":152,"column":104}},"153":{"start":{"line":154,"column":0},"end":{"line":154,"column":18}},"154":{"start":{"line":155,"column":0},"end":{"line":155,"column":16}},"155":{"start":{"line":156,"column":0},"end":{"line":156,"column":11}},"156":{"start":{"line":157,"column":0},"end":{"line":157,"column":12}},"158":{"start":{"line":159,"column":0},"end":{"line":159,"column":4}},"160":{"start":{"line":161,"column":0},"end":{"line":161,"column":10}},"161":{"start":{"line":162,"column":0},"end":{"line":162,"column":35}},"162":{"start":{"line":163,"column":0},"end":{"line":163,"column":30}},"163":{"start":{"line":164,"column":0},"end":{"line":164,"column":31}},"164":{"start":{"line":165,"column":0},"end":{"line":165,"column":16}},"165":{"start":{"line":166,"column":0},"end":{"line":166,"column":26}},"166":{"start":{"line":167,"column":0},"end":{"line":167,"column":31}},"167":{"start":{"line":168,"column":0},"end":{"line":168,"column":31}},"169":{"start":{"line":170,"column":0},"end":{"line":170,"column":55}},"170":{"start":{"line":171,"column":0},"end":{"line":171,"column":17}},"171":{"start":{"line":172,"column":0},"end":{"line":172,"column":12}},"173":{"start":{"line":174,"column":0},"end":{"line":174,"column":22}},"174":{"start":{"line":175,"column":0},"end":{"line":175,"column":44}},"175":{"start":{"line":176,"column":0},"end":{"line":176,"column":40}},"176":{"start":{"line":177,"column":0},"end":{"line":177,"column":91}},"177":{"start":{"line":178,"column":0},"end":{"line":178,"column":16}},"178":{"start":{"line":179,"column":0},"end":{"line":179,"column":63}},"179":{"start":{"line":180,"column":0},"end":{"line":180,"column":14}},"182":{"start":{"line":183,"column":0},"end":{"line":183,"column":28}},"183":{"start":{"line":184,"column":0},"end":{"line":184,"column":16}},"184":{"start":{"line":185,"column":0},"end":{"line":185,"column":69}},"185":{"start":{"line":186,"column":0},"end":{"line":186,"column":48}},"186":{"start":{"line":187,"column":0},"end":{"line":187,"column":9}},"187":{"start":{"line":188,"column":0},"end":{"line":188,"column":39}},"188":{"start":{"line":189,"column":0},"end":{"line":189,"column":17}},"189":{"start":{"line":190,"column":0},"end":{"line":190,"column":16}},"190":{"start":{"line":191,"column":0},"end":{"line":191,"column":72}},"191":{"start":{"line":192,"column":0},"end":{"line":192,"column":51}},"192":{"start":{"line":193,"column":0},"end":{"line":193,"column":9}},"193":{"start":{"line":194,"column":0},"end":{"line":194,"column":40}},"194":{"start":{"line":195,"column":0},"end":{"line":195,"column":17}},"195":{"start":{"line":196,"column":0},"end":{"line":196,"column":16}},"196":{"start":{"line":197,"column":0},"end":{"line":197,"column":68}},"197":{"start":{"line":198,"column":0},"end":{"line":198,"column":47}},"198":{"start":{"line":199,"column":0},"end":{"line":199,"column":9}},"199":{"start":{"line":200,"column":0},"end":{"line":200,"column":32}},"200":{"start":{"line":201,"column":0},"end":{"line":201,"column":17}},"201":{"start":{"line":202,"column":0},"end":{"line":202,"column":12}},"203":{"start":{"line":204,"column":0},"end":{"line":204,"column":20}},"204":{"start":{"line":205,"column":0},"end":{"line":205,"column":10}},"206":{"start":{"line":207,"column":0},"end":{"line":207,"column":1}},"208":{"start":{"line":209,"column":0},"end":{"line":209,"column":19}}},"s":{"0":1,"1":1,"2":1,"6":70,"7":70,"8":70,"9":70,"10":70,"12":70,"13":70,"16":70,"17":25,"18":25,"19":25,"20":21,"21":21,"22":21,"23":21,"24":25,"26":4,"27":4,"28":3,"29":3,"30":3,"31":3,"32":3,"33":4,"34":25,"35":1,"36":1,"37":25,"38":25,"39":70,"42":70,"43":13,"44":13,"45":12,"46":13,"47":1,"48":1,"49":13,"50":1,"51":1,"52":13,"54":70,"55":7,"56":7,"58":7,"60":7,"61":1,"62":7,"64":7,"67":7,"68":7,"69":7,"71":7,"72":7,"74":5,"75":7,"76":3,"78":2,"80":2,"81":7,"82":1,"83":1,"84":7,"86":7,"87":7,"88":7,"89":7,"90":7,"92":70,"93":3,"94":3,"95":3,"96":3,"97":3,"98":3,"100":70,"101":2,"102":2,"103":2,"104":2,"105":2,"106":2,"107":2,"108":2,"110":70,"111":1,"112":1,"113":1,"114":1,"115":1,"116":1,"118":70,"119":70,"120":70,"121":70,"122":70,"124":70,"125":52,"126":52,"128":18,"129":18,"130":18,"131":18,"132":18,"133":18,"134":18,"135":18,"136":18,"137":18,"138":18,"139":18,"140":18,"141":18,"143":18,"144":18,"145":9,"147":18,"148":13,"150":18,"151":5,"153":18,"154":18,"155":18,"156":18,"158":70,"160":70,"161":70,"162":70,"163":70,"164":70,"165":70,"166":70,"167":70,"169":70,"170":70,"171":70,"173":70,"174":8,"175":8,"176":8,"177":8,"178":8,"179":8,"182":70,"183":70,"184":70,"185":70,"186":70,"187":70,"188":70,"189":70,"190":70,"191":70,"192":70,"193":70,"194":70,"195":70,"196":70,"197":70,"198":70,"199":70,"200":70,"201":70,"203":70,"204":70,"206":70,"208":1},"branchMap":{"0":{"type":"branch","line":7,"loc":{"start":{"line":7,"column":0},"end":{"line":207,"column":1}},"locations":[{"start":{"line":7,"column":0},"end":{"line":207,"column":1}}]},"1":{"type":"branch","line":170,"loc":{"start":{"line":170,"column":11},"end":{"line":170,"column":40}},"locations":[{"start":{"line":170,"column":11},"end":{"line":170,"column":40}}]},"2":{"type":"branch","line":170,"loc":{"start":{"line":170,"column":24},"end":{"line":170,"column":55}},"locations":[{"start":{"line":170,"column":24},"end":{"line":170,"column":55}}]},"3":{"type":"branch","line":174,"loc":{"start":{"line":174,"column":7},"end":{"line":180,"column":14}},"locations":[{"start":{"line":174,"column":7},"end":{"line":180,"column":14}}]},"4":{"type":"branch","line":185,"loc":{"start":{"line":185,"column":42},"end":{"line":185,"column":64}},"locations":[{"start":{"line":185,"column":42},"end":{"line":185,"column":64}}]},"5":{"type":"branch","line":185,"loc":{"start":{"line":185,"column":53},"end":{"line":185,"column":66}},"locations":[{"start":{"line":185,"column":53},"end":{"line":185,"column":66}}]},"6":{"type":"branch","line":191,"loc":{"start":{"line":191,"column":42},"end":{"line":191,"column":67}},"locations":[{"start":{"line":191,"column":42},"end":{"line":191,"column":67}}]},"7":{"type":"branch","line":191,"loc":{"start":{"line":191,"column":56},"end":{"line":191,"column":69}},"locations":[{"start":{"line":191,"column":56},"end":{"line":191,"column":69}}]},"8":{"type":"branch","line":197,"loc":{"start":{"line":197,"column":42},"end":{"line":197,"column":63}},"locations":[{"start":{"line":197,"column":42},"end":{"line":197,"column":63}}]},"9":{"type":"branch","line":197,"loc":{"start":{"line":197,"column":52},"end":{"line":197,"column":65}},"locations":[{"start":{"line":197,"column":52},"end":{"line":197,"column":65}}]},"10":{"type":"branch","line":17,"loc":{"start":{"line":17,"column":12},"end":{"line":40,"column":5}},"locations":[{"start":{"line":17,"column":12},"end":{"line":40,"column":5}}]},"11":{"type":"branch","line":18,"loc":{"start":{"line":18,"column":21},"end":{"line":38,"column":6}},"locations":[{"start":{"line":18,"column":21},"end":{"line":38,"column":6}}]},"12":{"type":"branch","line":20,"loc":{"start":{"line":20,"column":30},"end":{"line":20,"column":61}},"locations":[{"start":{"line":20,"column":30},"end":{"line":20,"column":61}}]},"13":{"type":"branch","line":20,"loc":{"start":{"line":20,"column":61},"end":{"line":25,"column":15}},"locations":[{"start":{"line":20,"column":61},"end":{"line":25,"column":15}}]},"14":{"type":"branch","line":21,"loc":{"start":{"line":21,"column":90},"end":{"line":22,"column":45}},"locations":[{"start":{"line":21,"column":90},"end":{"line":22,"column":45}}]},"15":{"type":"branch","line":22,"loc":{"start":{"line":22,"column":31},"end":{"line":22,"column":77}},"locations":[{"start":{"line":22,"column":31},"end":{"line":22,"column":77}}]},"16":{"type":"branch","line":22,"loc":{"start":{"line":22,"column":75},"end":{"line":23,"column":43}},"locations":[{"start":{"line":22,"column":75},"end":{"line":23,"column":43}}]},"17":{"type":"branch","line":23,"loc":{"start":{"line":23,"column":30},"end":{"line":23,"column":74}},"locations":[{"start":{"line":23,"column":30},"end":{"line":23,"column":74}}]},"18":{"type":"branch","line":23,"loc":{"start":{"line":23,"column":72},"end":{"line":24,"column":35}},"locations":[{"start":{"line":23,"column":72},"end":{"line":24,"column":35}}]},"19":{"type":"branch","line":24,"loc":{"start":{"line":24,"column":26},"end":{"line":24,"column":62}},"locations":[{"start":{"line":24,"column":26},"end":{"line":24,"column":62}}]},"20":{"type":"branch","line":25,"loc":{"start":{"line":25,"column":8},"end":{"line":34,"column":9}},"locations":[{"start":{"line":25,"column":8},"end":{"line":34,"column":9}}]},"21":{"type":"branch","line":28,"loc":{"start":{"line":28,"column":25},"end":{"line":33,"column":11}},"locations":[{"start":{"line":28,"column":25},"end":{"line":33,"column":11}}]},"22":{"type":"branch","line":30,"loc":{"start":{"line":30,"column":33},"end":{"line":30,"column":49}},"locations":[{"start":{"line":30,"column":33},"end":{"line":30,"column":49}}]},"23":{"type":"branch","line":31,"loc":{"start":{"line":31,"column":32},"end":{"line":31,"column":47}},"locations":[{"start":{"line":31,"column":32},"end":{"line":31,"column":47}}]},"24":{"type":"branch","line":32,"loc":{"start":{"line":32,"column":28},"end":{"line":32,"column":39}},"locations":[{"start":{"line":32,"column":28},"end":{"line":32,"column":39}}]},"25":{"type":"branch","line":35,"loc":{"start":{"line":35,"column":6},"end":{"line":37,"column":7}},"locations":[{"start":{"line":35,"column":6},"end":{"line":37,"column":7}}]},"26":{"type":"branch","line":43,"loc":{"start":{"line":43,"column":19},"end":{"line":53,"column":4}},"locations":[{"start":{"line":43,"column":19},"end":{"line":53,"column":4}}]},"27":{"type":"branch","line":45,"loc":{"start":{"line":45,"column":28},"end":{"line":45,"column":59}},"locations":[{"start":{"line":45,"column":28},"end":{"line":45,"column":59}}]},"28":{"type":"branch","line":45,"loc":{"start":{"line":45,"column":59},"end":{"line":47,"column":13}},"locations":[{"start":{"line":45,"column":59},"end":{"line":47,"column":13}}]},"29":{"type":"branch","line":46,"loc":{"start":{"line":46,"column":80},"end":{"line":47,"column":13}},"locations":[{"start":{"line":46,"column":80},"end":{"line":47,"column":13}}]},"30":{"type":"branch","line":47,"loc":{"start":{"line":47,"column":6},"end":{"line":49,"column":7}},"locations":[{"start":{"line":47,"column":6},"end":{"line":49,"column":7}}]},"31":{"type":"branch","line":50,"loc":{"start":{"line":50,"column":4},"end":{"line":52,"column":5}},"locations":[{"start":{"line":50,"column":4},"end":{"line":52,"column":5}}]},"32":{"type":"branch","line":55,"loc":{"start":{"line":55,"column":21},"end":{"line":91,"column":4}},"locations":[{"start":{"line":55,"column":21},"end":{"line":91,"column":4}}]},"33":{"type":"branch","line":73,"loc":{"start":{"line":73,"column":34},"end":{"line":73,"column":64}},"locations":[{"start":{"line":73,"column":34},"end":{"line":73,"column":64}}]},"34":{"type":"branch","line":73,"loc":{"start":{"line":73,"column":64},"end":{"line":73,"column":73}},"locations":[{"start":{"line":73,"column":64},"end":{"line":73,"column":73}}]},"35":{"type":"branch","line":73,"loc":{"start":{"line":73,"column":64},"end":{"line":76,"column":28}},"locations":[{"start":{"line":73,"column":64},"end":{"line":76,"column":28}}]},"36":{"type":"branch","line":76,"loc":{"start":{"line":76,"column":23},"end":{"line":76,"column":42}},"locations":[{"start":{"line":76,"column":23},"end":{"line":76,"column":42}}]},"37":{"type":"branch","line":76,"loc":{"start":{"line":76,"column":42},"end":{"line":76,"column":72}},"locations":[{"start":{"line":76,"column":42},"end":{"line":76,"column":72}}]},"38":{"type":"branch","line":76,"loc":{"start":{"line":76,"column":42},"end":{"line":77,"column":47}},"locations":[{"start":{"line":76,"column":42},"end":{"line":77,"column":47}}]},"39":{"type":"branch","line":77,"loc":{"start":{"line":77,"column":38},"end":{"line":77,"column":47}},"locations":[{"start":{"line":77,"column":38},"end":{"line":77,"column":47}}]},"40":{"type":"branch","line":77,"loc":{"start":{"line":77,"column":38},"end":{"line":82,"column":32}},"locations":[{"start":{"line":77,"column":38},"end":{"line":82,"column":32}}]},"41":{"type":"branch","line":82,"loc":{"start":{"line":82,"column":32},"end":{"line":84,"column":7}},"locations":[{"start":{"line":82,"column":32},"end":{"line":84,"column":7}}]},"42":{"type":"branch","line":61,"loc":{"start":{"line":61,"column":81},"end":{"line":63,"column":5}},"locations":[{"start":{"line":61,"column":81},"end":{"line":63,"column":5}}]},"43":{"type":"branch","line":69,"loc":{"start":{"line":69,"column":41},"end":{"line":69,"column":52}},"locations":[{"start":{"line":69,"column":41},"end":{"line":69,"column":52}}]},"44":{"type":"branch","line":70,"loc":{"start":{"line":70,"column":43},"end":{"line":70,"column":54}},"locations":[{"start":{"line":70,"column":43},"end":{"line":70,"column":54}}]},"45":{"type":"branch","line":93,"loc":{"start":{"line":93,"column":26},"end":{"line":99,"column":4}},"locations":[{"start":{"line":93,"column":26},"end":{"line":99,"column":4}}]},"46":{"type":"branch","line":94,"loc":{"start":{"line":94,"column":40},"end":{"line":94,"column":65}},"locations":[{"start":{"line":94,"column":40},"end":{"line":94,"column":65}}]},"47":{"type":"branch","line":101,"loc":{"start":{"line":101,"column":22},"end":{"line":109,"column":4}},"locations":[{"start":{"line":101,"column":22},"end":{"line":109,"column":4}}]},"48":{"type":"branch","line":102,"loc":{"start":{"line":102,"column":40},"end":{"line":102,"column":65}},"locations":[{"start":{"line":102,"column":40},"end":{"line":102,"column":65}}]},"49":{"type":"branch","line":103,"loc":{"start":{"line":103,"column":36},"end":{"line":103,"column":61}},"locations":[{"start":{"line":103,"column":36},"end":{"line":103,"column":61}}]},"50":{"type":"branch","line":111,"loc":{"start":{"line":111,"column":27},"end":{"line":117,"column":4}},"locations":[{"start":{"line":111,"column":27},"end":{"line":117,"column":4}}]},"51":{"type":"branch","line":112,"loc":{"start":{"line":112,"column":34},"end":{"line":112,"column":59}},"locations":[{"start":{"line":112,"column":34},"end":{"line":112,"column":59}}]},"52":{"type":"branch","line":119,"loc":{"start":{"line":119,"column":21},"end":{"line":159,"column":4}},"locations":[{"start":{"line":119,"column":21},"end":{"line":159,"column":4}}]},"53":{"type":"branch","line":121,"loc":{"start":{"line":121,"column":32},"end":{"line":121,"column":50}},"locations":[{"start":{"line":121,"column":32},"end":{"line":121,"column":50}}]},"54":{"type":"branch","line":122,"loc":{"start":{"line":122,"column":35},"end":{"line":122,"column":52}},"locations":[{"start":{"line":122,"column":35},"end":{"line":122,"column":52}}]},"55":{"type":"branch","line":123,"loc":{"start":{"line":123,"column":31},"end":{"line":123,"column":44}},"locations":[{"start":{"line":123,"column":31},"end":{"line":123,"column":44}}]},"56":{"type":"branch","line":125,"loc":{"start":{"line":125,"column":27},"end":{"line":127,"column":5}},"locations":[{"start":{"line":125,"column":27},"end":{"line":127,"column":5}}]},"57":{"type":"branch","line":127,"loc":{"start":{"line":127,"column":4},"end":{"line":157,"column":12}},"locations":[{"start":{"line":127,"column":4},"end":{"line":157,"column":12}}]},"58":{"type":"branch","line":131,"loc":{"start":{"line":131,"column":18},"end":{"line":155,"column":16}},"locations":[{"start":{"line":131,"column":18},"end":{"line":155,"column":16}}]},"59":{"type":"branch","line":145,"loc":{"start":{"line":145,"column":29},"end":{"line":145,"column":70}},"locations":[{"start":{"line":145,"column":29},"end":{"line":145,"column":70}}]},"60":{"type":"branch","line":145,"loc":{"start":{"line":145,"column":58},"end":{"line":146,"column":108}},"locations":[{"start":{"line":145,"column":58},"end":{"line":146,"column":108}}]},"61":{"type":"branch","line":148,"loc":{"start":{"line":148,"column":29},"end":{"line":149,"column":104}},"locations":[{"start":{"line":148,"column":29},"end":{"line":149,"column":104}}]},"62":{"type":"branch","line":151,"loc":{"start":{"line":151,"column":29},"end":{"line":152,"column":104}},"locations":[{"start":{"line":151,"column":29},"end":{"line":152,"column":104}}]},"63":{"type":"branch","line":146,"loc":{"start":{"line":146,"column":60},"end":{"line":146,"column":89}},"locations":[{"start":{"line":146,"column":60},"end":{"line":146,"column":89}}]},"64":{"type":"branch","line":149,"loc":{"start":{"line":149,"column":62},"end":{"line":149,"column":87}},"locations":[{"start":{"line":149,"column":62},"end":{"line":149,"column":87}}]},"65":{"type":"branch","line":152,"loc":{"start":{"line":152,"column":56},"end":{"line":152,"column":86}},"locations":[{"start":{"line":152,"column":56},"end":{"line":152,"column":86}}]},"66":{"type":"branch","line":186,"loc":{"start":{"line":186,"column":19},"end":{"line":186,"column":48}},"locations":[{"start":{"line":186,"column":19},"end":{"line":186,"column":48}}]},"67":{"type":"branch","line":192,"loc":{"start":{"line":192,"column":19},"end":{"line":192,"column":51}},"locations":[{"start":{"line":192,"column":19},"end":{"line":192,"column":51}}]},"68":{"type":"branch","line":198,"loc":{"start":{"line":198,"column":19},"end":{"line":198,"column":47}},"locations":[{"start":{"line":198,"column":19},"end":{"line":198,"column":47}}]}},"b":{"0":[70],"1":[8],"2":[62],"3":[8],"4":[57],"5":[13],"6":[6],"7":[64],"8":[7],"9":[63],"10":[25],"11":[25],"12":[21],"13":[21],"14":[20],"15":[4],"16":[20],"17":[3],"18":[20],"19":[3],"20":[4],"21":[3],"22":[0],"23":[1],"24":[1],"25":[1],"26":[13],"27":[12],"28":[12],"29":[11],"30":[1],"31":[1],"32":[7],"33":[6],"34":[2],"35":[5],"36":[4],"37":[2],"38":[3],"39":[1],"40":[2],"41":[1],"42":[1],"43":[1],"44":[1],"45":[3],"46":[3],"47":[2],"48":[1],"49":[1],"50":[1],"51":[1],"52":[70],"53":[57],"54":[6],"55":[7],"56":[52],"57":[18],"58":[18],"59":[14],"60":[9],"61":[13],"62":[5],"63":[3],"64":[2],"65":[1],"66":[1],"67":[5],"68":[6]},"fnMap":{"0":{"name":"App","decl":{"start":{"line":7,"column":0},"end":{"line":207,"column":1}},"loc":{"start":{"line":7,"column":0},"end":{"line":207,"column":1}},"line":7},"1":{"name":"loadData","decl":{"start":{"line":18,"column":21},"end":{"line":38,"column":6}},"loc":{"start":{"line":18,"column":21},"end":{"line":38,"column":6}},"line":18},"2":{"name":"saveData","decl":{"start":{"line":43,"column":19},"end":{"line":53,"column":4}},"loc":{"start":{"line":43,"column":19},"end":{"line":53,"column":4}},"line":43},"3":{"name":"handleScan","decl":{"start":{"line":55,"column":21},"end":{"line":91,"column":4}},"loc":{"start":{"line":55,"column":21},"end":{"line":91,"column":4}},"line":55},"4":{"name":"moveToFavorites","decl":{"start":{"line":93,"column":26},"end":{"line":99,"column":4}},"loc":{"start":{"line":93,"column":26},"end":{"line":99,"column":4}},"line":93},"5":{"name":"moveToTrash","decl":{"start":{"line":101,"column":22},"end":{"line":109,"column":4}},"loc":{"start":{"line":101,"column":22},"end":{"line":109,"column":4}},"line":101},"6":{"name":"restoreFromTrash","decl":{"start":{"line":111,"column":27},"end":{"line":117,"column":4}},"loc":{"start":{"line":111,"column":27},"end":{"line":117,"column":4}},"line":111},"7":{"name":"renderList","decl":{"start":{"line":119,"column":21},"end":{"line":159,"column":4}},"loc":{"start":{"line":119,"column":21},"end":{"line":159,"column":4}},"line":119},"8":{"name":"onClick","decl":{"start":{"line":146,"column":60},"end":{"line":146,"column":89}},"loc":{"start":{"line":146,"column":60},"end":{"line":146,"column":89}},"line":146},"9":{"name":"onClick","decl":{"start":{"line":149,"column":62},"end":{"line":149,"column":87}},"loc":{"start":{"line":149,"column":62},"end":{"line":149,"column":87}},"line":149},"10":{"name":"onClick","decl":{"start":{"line":152,"column":56},"end":{"line":152,"column":86}},"loc":{"start":{"line":152,"column":56},"end":{"line":152,"column":86}},"line":152},"11":{"name":"onClick","decl":{"start":{"line":186,"column":19},"end":{"line":186,"column":48}},"loc":{"start":{"line":186,"column":19},"end":{"line":186,"column":48}},"line":186},"12":{"name":"onClick","decl":{"start":{"line":192,"column":19},"end":{"line":192,"column":51}},"loc":{"start":{"line":192,"column":19},"end":{"line":192,"column":51}},"line":192},"13":{"name":"onClick","decl":{"start":{"line":198,"column":19},"end":{"line":198,"column":47}},"loc":{"start":{"line":198,"column":19},"end":{"line":198,"column":47}},"line":198}},"f":{"0":70,"1":25,"2":13,"3":7,"4":3,"5":2,"6":1,"7":70,"8":3,"9":2,"10":1,"11":1,"12":5,"13":6}}
,"/Users/timmatt/Desktop/high-score-ani-fetcher/src/services/scraper.ts": {"path":"/Users/timmatt/Desktop/high-score-ani-fetcher/src/services/scraper.ts","all":false,"statementMap":{"11":{"start":{"line":12,"column":0},"end":{"line":12,"column":45}},"13":{"start":{"line":14,"column":0},"end":{"line":14,"column":29}},"17":{"start":{"line":18,"column":0},"end":{"line":18,"column":49}},"18":{"start":{"line":19,"column":0},"end":{"line":19,"column":50}},"19":{"start":{"line":20,"column":0},"end":{"line":20,"column":9}},"20":{"start":{"line":21,"column":0},"end":{"line":21,"column":40}},"21":{"start":{"line":22,"column":0},"end":{"line":22,"column":74}},"22":{"start":{"line":23,"column":0},"end":{"line":23,"column":41}},"23":{"start":{"line":24,"column":0},"end":{"line":24,"column":69}},"24":{"start":{"line":25,"column":0},"end":{"line":25,"column":63}},"25":{"start":{"line":26,"column":0},"end":{"line":26,"column":43}},"27":{"start":{"line":28,"column":0},"end":{"line":28,"column":71}},"28":{"start":{"line":29,"column":0},"end":{"line":29,"column":47}},"29":{"start":{"line":30,"column":0},"end":{"line":30,"column":21}},"30":{"start":{"line":31,"column":0},"end":{"line":31,"column":59}},"31":{"start":{"line":32,"column":0},"end":{"line":32,"column":15}},"32":{"start":{"line":33,"column":0},"end":{"line":33,"column":5}},"33":{"start":{"line":34,"column":0},"end":{"line":34,"column":3}},"38":{"start":{"line":39,"column":0},"end":{"line":39,"column":70}},"39":{"start":{"line":40,"column":0},"end":{"line":40,"column":59}},"40":{"start":{"line":41,"column":0},"end":{"line":41,"column":34}},"42":{"start":{"line":43,"column":0},"end":{"line":43,"column":9}},"43":{"start":{"line":44,"column":0},"end":{"line":44,"column":40}},"44":{"start":{"line":45,"column":0},"end":{"line":45,"column":74}},"45":{"start":{"line":46,"column":0},"end":{"line":46,"column":41}},"46":{"start":{"line":47,"column":0},"end":{"line":47,"column":69}},"48":{"start":{"line":49,"column":0},"end":{"line":49,"column":62}},"49":{"start":{"line":50,"column":0},"end":{"line":50,"column":45}},"50":{"start":{"line":51,"column":0},"end":{"line":51,"column":47}},"51":{"start":{"line":52,"column":0},"end":{"line":52,"column":28}},"53":{"start":{"line":54,"column":0},"end":{"line":54,"column":56}},"54":{"start":{"line":55,"column":0},"end":{"line":55,"column":58}},"55":{"start":{"line":56,"column":0},"end":{"line":56,"column":79}},"57":{"start":{"line":58,"column":0},"end":{"line":58,"column":70}},"58":{"start":{"line":59,"column":0},"end":{"line":59,"column":27}},"59":{"start":{"line":60,"column":0},"end":{"line":60,"column":55}},"60":{"start":{"line":61,"column":0},"end":{"line":61,"column":54}},"61":{"start":{"line":62,"column":0},"end":{"line":62,"column":34}},"62":{"start":{"line":63,"column":0},"end":{"line":63,"column":66}},"63":{"start":{"line":64,"column":0},"end":{"line":64,"column":18}},"64":{"start":{"line":65,"column":0},"end":{"line":65,"column":66}},"65":{"start":{"line":66,"column":0},"end":{"line":66,"column":11}},"66":{"start":{"line":67,"column":0},"end":{"line":67,"column":9}},"68":{"start":{"line":69,"column":0},"end":{"line":69,"column":34}},"69":{"start":{"line":70,"column":0},"end":{"line":70,"column":32}},"70":{"start":{"line":71,"column":0},"end":{"line":71,"column":75}},"71":{"start":{"line":72,"column":0},"end":{"line":72,"column":26}},"72":{"start":{"line":73,"column":0},"end":{"line":73,"column":66}},"73":{"start":{"line":74,"column":0},"end":{"line":74,"column":104}},"75":{"start":{"line":76,"column":0},"end":{"line":76,"column":66}},"76":{"start":{"line":77,"column":0},"end":{"line":77,"column":91}},"77":{"start":{"line":78,"column":0},"end":{"line":78,"column":9}},"79":{"start":{"line":80,"column":0},"end":{"line":80,"column":20}},"80":{"start":{"line":81,"column":0},"end":{"line":81,"column":15}},"81":{"start":{"line":82,"column":0},"end":{"line":82,"column":16}},"82":{"start":{"line":83,"column":0},"end":{"line":83,"column":34}},"83":{"start":{"line":84,"column":0},"end":{"line":84,"column":24}},"84":{"start":{"line":85,"column":0},"end":{"line":85,"column":22}},"85":{"start":{"line":86,"column":0},"end":{"line":86,"column":36}},"86":{"start":{"line":87,"column":0},"end":{"line":87,"column":43}},"87":{"start":{"line":88,"column":0},"end":{"line":88,"column":43}},"88":{"start":{"line":89,"column":0},"end":{"line":89,"column":11}},"89":{"start":{"line":90,"column":0},"end":{"line":90,"column":7}},"90":{"start":{"line":91,"column":0},"end":{"line":91,"column":21}},"91":{"start":{"line":92,"column":0},"end":{"line":92,"column":63}},"92":{"start":{"line":93,"column":0},"end":{"line":93,"column":5}},"94":{"start":{"line":95,"column":0},"end":{"line":95,"column":17}},"95":{"start":{"line":96,"column":0},"end":{"line":96,"column":3}},"100":{"start":{"line":101,"column":0},"end":{"line":101,"column":120}},"101":{"start":{"line":102,"column":0},"end":{"line":102,"column":9}},"102":{"start":{"line":103,"column":0},"end":{"line":103,"column":41}},"103":{"start":{"line":104,"column":0},"end":{"line":104,"column":74}},"104":{"start":{"line":105,"column":0},"end":{"line":105,"column":41}},"105":{"start":{"line":106,"column":0},"end":{"line":106,"column":69}},"107":{"start":{"line":108,"column":0},"end":{"line":108,"column":69}},"108":{"start":{"line":109,"column":0},"end":{"line":109,"column":101}},"110":{"start":{"line":111,"column":0},"end":{"line":111,"column":72}},"111":{"start":{"line":112,"column":0},"end":{"line":112,"column":27}},"112":{"start":{"line":113,"column":0},"end":{"line":113,"column":57}},"113":{"start":{"line":114,"column":0},"end":{"line":114,"column":106}},"114":{"start":{"line":115,"column":0},"end":{"line":115,"column":7}},"116":{"start":{"line":117,"column":0},"end":{"line":117,"column":57}},"117":{"start":{"line":118,"column":0},"end":{"line":118,"column":138}},"119":{"start":{"line":120,"column":0},"end":{"line":120,"column":50}},"120":{"start":{"line":121,"column":0},"end":{"line":121,"column":21}},"121":{"start":{"line":122,"column":0},"end":{"line":122,"column":67}},"122":{"start":{"line":123,"column":0},"end":{"line":123,"column":82}},"123":{"start":{"line":124,"column":0},"end":{"line":124,"column":5}},"124":{"start":{"line":125,"column":0},"end":{"line":125,"column":3}},"129":{"start":{"line":130,"column":0},"end":{"line":130,"column":39}},"130":{"start":{"line":131,"column":0},"end":{"line":131,"column":24}},"131":{"start":{"line":132,"column":0},"end":{"line":132,"column":25}},"132":{"start":{"line":133,"column":0},"end":{"line":133,"column":54}},"133":{"start":{"line":134,"column":0},"end":{"line":134,"column":27}},"134":{"start":{"line":135,"column":0},"end":{"line":135,"column":36}},"135":{"start":{"line":136,"column":0},"end":{"line":136,"column":22}},"137":{"start":{"line":138,"column":0},"end":{"line":138,"column":47}},"138":{"start":{"line":139,"column":0},"end":{"line":139,"column":89}},"139":{"start":{"line":140,"column":0},"end":{"line":140,"column":52}},"140":{"start":{"line":141,"column":0},"end":{"line":141,"column":29}},"141":{"start":{"line":142,"column":0},"end":{"line":142,"column":18}},"142":{"start":{"line":143,"column":0},"end":{"line":143,"column":87}},"143":{"start":{"line":144,"column":0},"end":{"line":144,"column":6}},"145":{"start":{"line":146,"column":0},"end":{"line":146,"column":70}},"148":{"start":{"line":149,"column":0},"end":{"line":149,"column":35}},"149":{"start":{"line":150,"column":0},"end":{"line":150,"column":32}},"150":{"start":{"line":151,"column":0},"end":{"line":151,"column":35}},"151":{"start":{"line":152,"column":0},"end":{"line":152,"column":40}},"152":{"start":{"line":153,"column":0},"end":{"line":153,"column":7}},"153":{"start":{"line":154,"column":0},"end":{"line":154,"column":6}},"155":{"start":{"line":156,"column":0},"end":{"line":156,"column":75}},"156":{"start":{"line":157,"column":0},"end":{"line":157,"column":31}},"158":{"start":{"line":159,"column":0},"end":{"line":159,"column":19}},"159":{"start":{"line":160,"column":0},"end":{"line":160,"column":3}},"160":{"start":{"line":161,"column":0},"end":{"line":161,"column":1}}},"s":{"11":1,"13":1,"17":1,"18":5,"19":5,"20":5,"21":5,"22":3,"23":3,"24":3,"25":5,"27":2,"28":5,"29":5,"30":2,"31":2,"32":2,"33":5,"38":1,"39":13,"40":13,"42":13,"43":13,"44":13,"45":11,"46":11,"48":11,"49":13,"50":10,"51":10,"53":9,"54":9,"55":10,"57":10,"58":10,"59":10,"60":8,"61":8,"62":1,"63":8,"64":7,"65":7,"66":8,"68":9,"69":9,"70":9,"71":10,"72":2,"73":2,"75":2,"76":2,"77":2,"79":9,"80":9,"81":9,"82":9,"83":9,"84":9,"85":9,"86":9,"87":9,"88":9,"89":9,"90":13,"91":2,"92":2,"94":13,"95":13,"100":1,"101":7,"102":7,"103":7,"104":5,"105":5,"107":5,"108":7,"110":7,"111":7,"112":7,"113":2,"114":2,"116":5,"117":7,"119":7,"120":7,"121":2,"122":2,"123":2,"124":7,"129":1,"130":2,"131":2,"132":2,"133":2,"134":2,"135":2,"137":2,"138":3,"139":3,"140":3,"141":3,"142":3,"143":3,"145":2,"148":2,"149":4,"150":3,"151":3,"152":3,"153":4,"155":2,"156":2,"158":2,"159":2,"160":1},"branchMap":{"0":{"type":"branch","line":18,"loc":{"start":{"line":18,"column":2},"end":{"line":34,"column":3}},"locations":[{"start":{"line":18,"column":2},"end":{"line":34,"column":3}}]},"1":{"type":"branch","line":21,"loc":{"start":{"line":21,"column":38},"end":{"line":22,"column":30}},"locations":[{"start":{"line":21,"column":38},"end":{"line":22,"column":30}}]},"2":{"type":"branch","line":22,"loc":{"start":{"line":22,"column":24},"end":{"line":22,"column":74}},"locations":[{"start":{"line":22,"column":24},"end":{"line":22,"column":74}}]},"3":{"type":"branch","line":22,"loc":{"start":{"line":22,"column":72},"end":{"line":26,"column":41}},"locations":[{"start":{"line":22,"column":72},"end":{"line":26,"column":41}}]},"4":{"type":"branch","line":26,"loc":{"start":{"line":26,"column":34},"end":{"line":26,"column":43}},"locations":[{"start":{"line":26,"column":34},"end":{"line":26,"column":43}}]},"5":{"type":"branch","line":26,"loc":{"start":{"line":26,"column":41},"end":{"line":29,"column":38}},"locations":[{"start":{"line":26,"column":41},"end":{"line":29,"column":38}}]},"6":{"type":"branch","line":29,"loc":{"start":{"line":29,"column":22},"end":{"line":29,"column":43}},"locations":[{"start":{"line":29,"column":22},"end":{"line":29,"column":43}}]},"7":{"type":"branch","line":30,"loc":{"start":{"line":30,"column":4},"end":{"line":33,"column":5}},"locations":[{"start":{"line":30,"column":4},"end":{"line":33,"column":5}}]},"8":{"type":"branch","line":39,"loc":{"start":{"line":39,"column":2},"end":{"line":96,"column":3}},"locations":[{"start":{"line":39,"column":2},"end":{"line":96,"column":3}}]},"9":{"type":"branch","line":44,"loc":{"start":{"line":44,"column":38},"end":{"line":45,"column":30}},"locations":[{"start":{"line":44,"column":38},"end":{"line":45,"column":30}}]},"10":{"type":"branch","line":45,"loc":{"start":{"line":45,"column":24},"end":{"line":45,"column":74}},"locations":[{"start":{"line":45,"column":24},"end":{"line":45,"column":74}}]},"11":{"type":"branch","line":45,"loc":{"start":{"line":45,"column":72},"end":{"line":50,"column":44}},"locations":[{"start":{"line":45,"column":72},"end":{"line":50,"column":44}}]},"12":{"type":"branch","line":50,"loc":{"start":{"line":50,"column":44},"end":{"line":90,"column":7}},"locations":[{"start":{"line":50,"column":44},"end":{"line":90,"column":7}}]},"13":{"type":"branch","line":52,"loc":{"start":{"line":52,"column":19},"end":{"line":52,"column":28}},"locations":[{"start":{"line":52,"column":19},"end":{"line":52,"column":28}}]},"14":{"type":"branch","line":52,"loc":{"start":{"line":52,"column":19},"end":{"line":56,"column":32}},"locations":[{"start":{"line":52,"column":19},"end":{"line":56,"column":32}}]},"15":{"type":"branch","line":56,"loc":{"start":{"line":56,"column":22},"end":{"line":56,"column":68}},"locations":[{"start":{"line":56,"column":22},"end":{"line":56,"column":68}}]},"16":{"type":"branch","line":56,"loc":{"start":{"line":56,"column":58},"end":{"line":56,"column":68}},"locations":[{"start":{"line":56,"column":58},"end":{"line":56,"column":68}}]},"17":{"type":"branch","line":56,"loc":{"start":{"line":56,"column":63},"end":{"line":56,"column":79}},"locations":[{"start":{"line":56,"column":63},"end":{"line":56,"column":79}}]},"18":{"type":"branch","line":60,"loc":{"start":{"line":60,"column":12},"end":{"line":60,"column":54}},"locations":[{"start":{"line":60,"column":12},"end":{"line":60,"column":54}}]},"19":{"type":"branch","line":60,"loc":{"start":{"line":60,"column":54},"end":{"line":67,"column":9}},"locations":[{"start":{"line":60,"column":54},"end":{"line":67,"column":9}}]},"20":{"type":"branch","line":62,"loc":{"start":{"line":62,"column":33},"end":{"line":64,"column":17}},"locations":[{"start":{"line":62,"column":33},"end":{"line":64,"column":17}}]},"21":{"type":"branch","line":64,"loc":{"start":{"line":64,"column":10},"end":{"line":66,"column":11}},"locations":[{"start":{"line":64,"column":10},"end":{"line":66,"column":11}}]},"22":{"type":"branch","line":65,"loc":{"start":{"line":65,"column":59},"end":{"line":65,"column":66}},"locations":[{"start":{"line":65,"column":59},"end":{"line":65,"column":66}}]},"23":{"type":"branch","line":67,"loc":{"start":{"line":67,"column":8},"end":{"line":72,"column":25}},"locations":[{"start":{"line":67,"column":8},"end":{"line":72,"column":25}}]},"24":{"type":"branch","line":72,"loc":{"start":{"line":72,"column":25},"end":{"line":78,"column":9}},"locations":[{"start":{"line":72,"column":25},"end":{"line":78,"column":9}}]},"25":{"type":"branch","line":74,"loc":{"start":{"line":74,"column":93},"end":{"line":74,"column":104}},"locations":[{"start":{"line":74,"column":93},"end":{"line":74,"column":104}}]},"26":{"type":"branch","line":77,"loc":{"start":{"line":77,"column":80},"end":{"line":77,"column":91}},"locations":[{"start":{"line":77,"column":80},"end":{"line":77,"column":91}}]},"27":{"type":"branch","line":78,"loc":{"start":{"line":78,"column":8},"end":{"line":90,"column":7}},"locations":[{"start":{"line":78,"column":8},"end":{"line":90,"column":7}}]},"28":{"type":"branch","line":90,"loc":{"start":{"line":90,"column":6},"end":{"line":91,"column":13}},"locations":[{"start":{"line":90,"column":6},"end":{"line":91,"column":13}}]},"29":{"type":"branch","line":91,"loc":{"start":{"line":91,"column":4},"end":{"line":93,"column":5}},"locations":[{"start":{"line":91,"column":4},"end":{"line":93,"column":5}}]},"30":{"type":"branch","line":101,"loc":{"start":{"line":101,"column":2},"end":{"line":125,"column":3}},"locations":[{"start":{"line":101,"column":2},"end":{"line":125,"column":3}}]},"31":{"type":"branch","line":103,"loc":{"start":{"line":103,"column":39},"end":{"line":104,"column":30}},"locations":[{"start":{"line":103,"column":39},"end":{"line":104,"column":30}}]},"32":{"type":"branch","line":104,"loc":{"start":{"line":104,"column":24},"end":{"line":104,"column":74}},"locations":[{"start":{"line":104,"column":24},"end":{"line":104,"column":74}}]},"33":{"type":"branch","line":104,"loc":{"start":{"line":104,"column":72},"end":{"line":109,"column":35}},"locations":[{"start":{"line":104,"column":72},"end":{"line":109,"column":35}}]},"34":{"type":"branch","line":109,"loc":{"start":{"line":109,"column":20},"end":{"line":109,"column":61}},"locations":[{"start":{"line":109,"column":20},"end":{"line":109,"column":61}}]},"35":{"type":"branch","line":109,"loc":{"start":{"line":109,"column":47},"end":{"line":109,"column":99}},"locations":[{"start":{"line":109,"column":47},"end":{"line":109,"column":99}}]},"36":{"type":"branch","line":109,"loc":{"start":{"line":109,"column":95},"end":{"line":109,"column":101}},"locations":[{"start":{"line":109,"column":95},"end":{"line":109,"column":101}}]},"37":{"type":"branch","line":113,"loc":{"start":{"line":113,"column":10},"end":{"line":113,"column":56}},"locations":[{"start":{"line":113,"column":10},"end":{"line":113,"column":56}}]},"38":{"type":"branch","line":113,"loc":{"start":{"line":113,"column":56},"end":{"line":115,"column":7}},"locations":[{"start":{"line":113,"column":56},"end":{"line":115,"column":7}}]},"39":{"type":"branch","line":114,"loc":{"start":{"line":114,"column":99},"end":{"line":114,"column":106}},"locations":[{"start":{"line":114,"column":99},"end":{"line":114,"column":106}}]},"40":{"type":"branch","line":115,"loc":{"start":{"line":115,"column":6},"end":{"line":118,"column":37}},"locations":[{"start":{"line":115,"column":6},"end":{"line":118,"column":37}}]},"41":{"type":"branch","line":118,"loc":{"start":{"line":118,"column":26},"end":{"line":118,"column":59}},"locations":[{"start":{"line":118,"column":26},"end":{"line":118,"column":59}}]},"42":{"type":"branch","line":118,"loc":{"start":{"line":118,"column":45},"end":{"line":118,"column":114}},"locations":[{"start":{"line":118,"column":45},"end":{"line":118,"column":114}}]},"43":{"type":"branch","line":118,"loc":{"start":{"line":118,"column":106},"end":{"line":118,"column":138}},"locations":[{"start":{"line":118,"column":106},"end":{"line":118,"column":138}}]},"44":{"type":"branch","line":121,"loc":{"start":{"line":121,"column":4},"end":{"line":124,"column":5}},"locations":[{"start":{"line":121,"column":4},"end":{"line":124,"column":5}}]},"45":{"type":"branch","line":130,"loc":{"start":{"line":130,"column":2},"end":{"line":160,"column":3}},"locations":[{"start":{"line":130,"column":2},"end":{"line":160,"column":3}}]},"46":{"type":"branch","line":138,"loc":{"start":{"line":138,"column":22},"end":{"line":144,"column":6}},"locations":[{"start":{"line":138,"column":22},"end":{"line":144,"column":6}}]},"47":{"type":"branch","line":146,"loc":{"start":{"line":146,"column":53},"end":{"line":146,"column":68}},"locations":[{"start":{"line":146,"column":53},"end":{"line":146,"column":68}}]},"48":{"type":"branch","line":149,"loc":{"start":{"line":149,"column":22},"end":{"line":154,"column":6}},"locations":[{"start":{"line":149,"column":22},"end":{"line":154,"column":6}}]},"49":{"type":"branch","line":150,"loc":{"start":{"line":150,"column":31},"end":{"line":153,"column":7}},"locations":[{"start":{"line":150,"column":31},"end":{"line":153,"column":7}}]},"50":{"type":"branch","line":156,"loc":{"start":{"line":156,"column":56},"end":{"line":156,"column":73}},"locations":[{"start":{"line":156,"column":56},"end":{"line":156,"column":73}}]}},"b":{"0":[5],"1":[4],"2":[1],"3":[3],"4":[1],"5":[2],"6":[1],"7":[2],"8":[13],"9":[12],"10":[1],"11":[11],"12":[10],"13":[1],"14":[9],"15":[8],"16":[1],"17":[1],"18":[8],"19":[8],"20":[1],"21":[7],"22":[6],"23":[9],"24":[2],"25":[1],"26":[1],"27":[9],"28":[11],"29":[2],"30":[7],"31":[6],"32":[1],"33":[5],"34":[3],"35":[3],"36":[2],"37":[2],"38":[2],"39":[1],"40":[5],"41":[2],"42":[2],"43":[3],"44":[2],"45":[2],"46":[3],"47":[3],"48":[4],"49":[3],"50":[4]},"fnMap":{"0":{"name":"getTotalPages","decl":{"start":{"line":18,"column":2},"end":{"line":34,"column":3}},"loc":{"start":{"line":18,"column":2},"end":{"line":34,"column":3}},"line":18},"1":{"name":"scrapeListPage","decl":{"start":{"line":39,"column":2},"end":{"line":96,"column":3}},"loc":{"start":{"line":39,"column":2},"end":{"line":96,"column":3}},"line":39},"2":{"name":"scrapeAnimeDetails","decl":{"start":{"line":101,"column":2},"end":{"line":125,"column":3}},"loc":{"start":{"line":101,"column":2},"end":{"line":125,"column":3}},"line":101},"3":{"name":"fetchAllWithConcurrency","decl":{"start":{"line":130,"column":2},"end":{"line":160,"column":3}},"loc":{"start":{"line":130,"column":2},"end":{"line":160,"column":3}},"line":130},"4":{"name":"fetchPage","decl":{"start":{"line":138,"column":22},"end":{"line":144,"column":6}},"loc":{"start":{"line":138,"column":22},"end":{"line":144,"column":6}},"line":138},"5":{"name":"runWorker","decl":{"start":{"line":149,"column":22},"end":{"line":154,"column":6}},"loc":{"start":{"line":149,"column":22},"end":{"line":154,"column":6}},"line":149}},"f":{"0":5,"1":13,"2":7,"3":2,"4":3,"5":4}}
}
